<?xml version="1.0"?>
<testsuites>
  <testsuite name="PhantomJS 1.9.8 (Windows 8 0.0.0)" package="" timestamp="2015-08-26T07:28:42" id="0" hostname="linapan-MOBL2">
    <properties>
      <property name="browser.fullName" value="Mozilla/5.0 (Windows NT 6.2; WOW64) AppleWebKit/534.34 (KHTML, like Gecko) PhantomJS/1.9.8 Safari/534.34"/>
    </properties>
  </testsuite>
  <testsuite name="PhantomJS 1.9.8 (Windows 8 0.0.0)" package="" timestamp="2015-08-26T07:28:42" id="0" hostname="linapan-MOBL2" tests="50" errors="0" failures="0" time="0.232">
    <properties>
      <property name="browser.fullName" value="Mozilla/5.0 (Windows NT 6.2; WOW64) AppleWebKit/534.34 (KHTML, like Gecko) PhantomJS/1.9.8 Safari/534.34"/>
    </properties>
    <testcase name="should have a VMCtrl controller" time="0.028" classname="PhantomJS 1.9.8 (Windows 8 0.0.0).vms controller"/>
    <testcase name="should return true if vm is in ctrl.inOperationVMs" time="0.006" classname="PhantomJS 1.9.8 (Windows 8 0.0.0).vms controller"/>
    <testcase name="should select all checkbox by toggleCheckAll function" time="0.005" classname="PhantomJS 1.9.8 (Windows 8 0.0.0).vms controller about checkbox selection"/>
    <testcase name="should diselect all checkbox by toggleCheckAll function when all machine checked" time="0.005" classname="PhantomJS 1.9.8 (Windows 8 0.0.0).vms controller about checkbox selection"/>
    <testcase name="should disable the disableOption if one of vm is suspend" time="0.004" classname="PhantomJS 1.9.8 (Windows 8 0.0.0).vms controller about checkbox selection"/>
    <testcase name="should change sort when column is the same as sort.column" time="0.016" classname="PhantomJS 1.9.8 (Windows 8 0.0.0).vms controller change sorting function"/>
    <testcase name="should sort new column when column is the not same as sort.column" time="0.006" classname="PhantomJS 1.9.8 (Windows 8 0.0.0).vms controller change sorting function"/>
    <testcase name="should ctrl.VMs be array" time="0.005" classname="PhantomJS 1.9.8 (Windows 8 0.0.0).vms controller with the given vmid number"/>
    <testcase name="should have 4 virtual machines" time="0.004" classname="PhantomJS 1.9.8 (Windows 8 0.0.0).vms controller with the given vmid number"/>
    <testcase name="should load vmTemp" time="0.006" classname="PhantomJS 1.9.8 (Windows 8 0.0.0).vms controller with the given vmid number"/>
    <testcase name="should loaded vmSaveTemp for first click to expand" time="0.011" classname="PhantomJS 1.9.8 (Windows 8 0.0.0).vms controller with the given vmid number after loadVMs and showVmEdit"/>
    <testcase name="should close the expanded table if click 2 times" time="0.007" classname="PhantomJS 1.9.8 (Windows 8 0.0.0).vms controller with the given vmid number after loadVMs and showVmEdit"/>
    <testcase name="should change the configTmp network" time="0.015" classname="PhantomJS 1.9.8 (Windows 8 0.0.0).vms controller with the given vmid number after loadVMs and showVmEdit"/>
    <testcase name="should change the memory if click" time="0.008" classname="PhantomJS 1.9.8 (Windows 8 0.0.0).vms controller with the given vmid number after loadVMs and showVmEdit"/>
    <testcase name="should change the cpu if click" time="0.008" classname="PhantomJS 1.9.8 (Windows 8 0.0.0).vms controller with the given vmid number after loadVMs and showVmEdit"/>
    <testcase name="should revert any change on configTmp to the origin" time="0.007" classname="PhantomJS 1.9.8 (Windows 8 0.0.0).vms controller with the given vmid number after loadVMs and showVmEdit"/>
    <testcase name="should revert any change on saveTemp to the origin" time="0.007" classname="PhantomJS 1.9.8 (Windows 8 0.0.0).vms controller with the given vmid number after loadVMs and showVmEdit"/>
    <testcase name="should increase the number of Template" time="0.009" classname="PhantomJS 1.9.8 (Windows 8 0.0.0).vms controller with the given vmid number after loadVMs and showVmEdit"/>
    <testcase name="should open modal dialog when openDeleteDialog()" time="0.01" classname="PhantomJS 1.9.8 (Windows 8 0.0.0).vms controller test the delete dialog"/>
    <testcase name="should get true result in modal" time="0.006" classname="PhantomJS 1.9.8 (Windows 8 0.0.0).vms controller test the delete dialog"/>
    <testcase name="should delete in modal" time="0.006" classname="PhantomJS 1.9.8 (Windows 8 0.0.0).vms controller test the delete dialog"/>
    <testcase name="should power off the vm after power off" time="0.014" classname="PhantomJS 1.9.8 (Windows 8 0.0.0).vms controller test the vm operation function"/>
    <testcase name="should power on the vm after power on" time="0.021" classname="PhantomJS 1.9.8 (Windows 8 0.0.0).vms controller test the vm operation function"/>
    <testcase name="should suspend the vm after suspend" time="0.01" classname="PhantomJS 1.9.8 (Windows 8 0.0.0).vms controller test the vm operation function"/>
    <testcase name="should power on the vm after restart" time="0.008" classname="PhantomJS 1.9.8 (Windows 8 0.0.0).vms controller test the vm operation function"/>
    <system-out><![CDATA[
]]></system-out>
    <system-err/>
  </testsuite>
</testsuites>
