<?xml version="1.0"?>
<testsuites>
  <testsuite name="PhantomJS 1.9.8 (Windows 8 0.0.0)" package="" timestamp="2015-08-25T04:51:55" id="0" hostname="linapan-MOBL2">
    <properties>
      <property name="browser.fullName" value="Mozilla/5.0 (Windows NT 6.2; WOW64) AppleWebKit/534.34 (KHTML, like Gecko) PhantomJS/1.9.8 Safari/534.34"/>
    </properties>
  </testsuite>
  <testsuite name="PhantomJS 1.9.8 (Windows 8 0.0.0)" package="" timestamp="2015-08-25T04:51:56" id="0" hostname="linapan-MOBL2" tests="29" errors="0" failures="0" time="0.315">
    <properties>
      <property name="browser.fullName" value="Mozilla/5.0 (Windows NT 6.2; WOW64) AppleWebKit/534.34 (KHTML, like Gecko) PhantomJS/1.9.8 Safari/534.34"/>
    </properties>
    <testcase name="should compile directive to html" time="0.048" classname="PhantomJS 1.9.8 (Windows 8 0.0.0).menu directive default: "/>
    <testcase name="should hide menu default" time="0.011" classname="PhantomJS 1.9.8 (Windows 8 0.0.0).menu directive default: "/>
    <testcase name="should open menu when I add a open class to menu" time="0.01" classname="PhantomJS 1.9.8 (Windows 8 0.0.0).menu directive action: "/>
    <testcase name="should highlight my environment link" time="0.016" classname="PhantomJS 1.9.8 (Windows 8 0.0.0).menu directive action: "/>
    <testcase name="should highlight lab link" time="0.009" classname="PhantomJS 1.9.8 (Windows 8 0.0.0).menu directive action: "/>
    <testcase name="should auto hide in small screen" time="0.011" classname="PhantomJS 1.9.8 (Windows 8 0.0.0).menu directive action: "/>
    <testcase name="should auot show in large screen" time="0.008" classname="PhantomJS 1.9.8 (Windows 8 0.0.0).menu directive action: "/>
    <testcase name="should compile directive to html" time="0.02" classname="PhantomJS 1.9.8 (Windows 8 0.0.0).table column filter directive: with the given columns value"/>
    <testcase name="should have columns" time="0.02" classname="PhantomJS 1.9.8 (Windows 8 0.0.0).table column filter directive: with the given columns value"/>
    <testcase name="should hide in default" time="0.012" classname="PhantomJS 1.9.8 (Windows 8 0.0.0).table column filter directive: with the given columns value"/>
    <testcase name="should open when I first toggle" time="0.012" classname="PhantomJS 1.9.8 (Windows 8 0.0.0).table column filter directive: when clicked"/>
    <testcase name="should close when I toggle twice" time="0.011" classname="PhantomJS 1.9.8 (Windows 8 0.0.0).table column filter directive: when clicked"/>
    <testcase name="should close when I click outside" time="0.012" classname="PhantomJS 1.9.8 (Windows 8 0.0.0).table column filter directive: when clicked"/>
    <testcase name="should do nothing when I click outside if open" time="0.011" classname="PhantomJS 1.9.8 (Windows 8 0.0.0).table column filter directive: when clicked"/>
    <testcase name="should restore when I click outside if open" time="0.012" classname="PhantomJS 1.9.8 (Windows 8 0.0.0).table column filter directive: when clicked"/>
    <testcase name="should update and close when I click update" time="0.026" classname="PhantomJS 1.9.8 (Windows 8 0.0.0).table column filter directive: when clicked"/>
    <testcase name="should have api of open and close" time="0.002" classname="PhantomJS 1.9.8 (Windows 8 0.0.0).alert service:"/>
    <testcase name="should have no alert default" time="0.002" classname="PhantomJS 1.9.8 (Windows 8 0.0.0).alert service:"/>
    <testcase name="should open one success alert" time="0.003" classname="PhantomJS 1.9.8 (Windows 8 0.0.0).alert service:"/>
    <testcase name="should dismiss success alert after several seconds" time="0.002" classname="PhantomJS 1.9.8 (Windows 8 0.0.0).alert service:"/>
    <testcase name="should close alert" time="0.001" classname="PhantomJS 1.9.8 (Windows 8 0.0.0).alert service:"/>
    <testcase name="should not close alert if invalid index is given" time="0.003" classname="PhantomJS 1.9.8 (Windows 8 0.0.0).alert service:"/>
    <testcase name="should not exceeds max number of alerts" time="0.001" classname="PhantomJS 1.9.8 (Windows 8 0.0.0).alert service:"/>
    <testcase name="should transform random alert type to success type" time="0.002" classname="PhantomJS 1.9.8 (Windows 8 0.0.0).alert service:"/>
    <testcase name="call the virtual machine list data" time="0.017" classname="PhantomJS 1.9.8 (Windows 8 0.0.0).Machine Service Call API call API data for virtual machine opertation"/>
    <testcase name="should have a VMCtrl controller" time="0.01" classname="PhantomJS 1.9.8 (Windows 8 0.0.0).vms controller"/>
    <testcase name="should return true if vm is in ctrl.inOperationVMs" time="0.008" classname="PhantomJS 1.9.8 (Windows 8 0.0.0).vms controller"/>
    <testcase name="should select all checkbox by toggleCheckAll function" time="0.007" classname="PhantomJS 1.9.8 (Windows 8 0.0.0).vms controller"/>
    <testcase name="should open modal dialog when openDeleteDialog()" time="0.008" classname="PhantomJS 1.9.8 (Windows 8 0.0.0).vms controller"/>
    <system-out><![CDATA[PhantomJS 1.9.8 (Windows 8 0.0.0) WARN: 'no such alert with index: ', 2
,PhantomJS 1.9.8 (Windows 8 0.0.0) ERROR: 'exceeds alert max size.'
,PhantomJS 1.9.8 (Windows 8 0.0.0) WARN: 'no such alert type as: ', 'random'
,PhantomJS 1.9.8 (Windows 8 0.0.0) LOG: Object{$$state: Object{status: 0}, call: function wrapper() { ... }, get: function wrapper() { ... }, restangularCollection: false, $object: Object{}}

]]></system-out>
    <system-err/>
  </testsuite>
</testsuites>
