<?xml version="1.0"?>
<testsuites>
  <testsuite name="PhantomJS 1.9.8 (Windows 7 0.0.0)" package="" timestamp="2015-08-27T04:18:17" id="0" hostname="MINKUANY-MOBL">
    <properties>
      <property name="browser.fullName" value="Mozilla/5.0 (Windows NT 6.1; WOW64) AppleWebKit/534.34 (KHTML, like Gecko) PhantomJS/1.9.8 Safari/534.34"/>
    </properties>
  </testsuite>
  <testsuite name="PhantomJS 1.9.8 (Windows 7 0.0.0)" package="" timestamp="2015-08-27T04:18:18" id="0" hostname="MINKUANY-MOBL" tests="57" errors="0" failures="29" time="0.708">
    <properties>
      <property name="browser.fullName" value="Mozilla/5.0 (Windows NT 6.1; WOW64) AppleWebKit/534.34 (KHTML, like Gecko) PhantomJS/1.9.8 Safari/534.34"/>
    </properties>
    <testcase name="should compile directive to html" time="0.054" classname="PhantomJS 1.9.8 (Windows 7 0.0.0).menu directive default: "/>
    <testcase name="should hide menu default" time="0.01" classname="PhantomJS 1.9.8 (Windows 7 0.0.0).menu directive default: "/>
    <testcase name="should open menu when I add a open class to menu" time="0.015" classname="PhantomJS 1.9.8 (Windows 7 0.0.0).menu directive action: "/>
    <testcase name="should highlight my environment link" time="0.01" classname="PhantomJS 1.9.8 (Windows 7 0.0.0).menu directive action: "/>
    <testcase name="should highlight lab link" time="0.009" classname="PhantomJS 1.9.8 (Windows 7 0.0.0).menu directive action: "/>
    <testcase name="should auto hide in small screen" time="0.014" classname="PhantomJS 1.9.8 (Windows 7 0.0.0).menu directive action: "/>
    <testcase name="should auot show in large screen" time="0.02" classname="PhantomJS 1.9.8 (Windows 7 0.0.0).menu directive action: "/>
    <testcase name="should compile directive to html" time="0.021" classname="PhantomJS 1.9.8 (Windows 7 0.0.0).table column filter directive: with the given columns value"/>
    <testcase name="should have columns" time="0.012" classname="PhantomJS 1.9.8 (Windows 7 0.0.0).table column filter directive: with the given columns value"/>
    <testcase name="should hide in default" time="0.01" classname="PhantomJS 1.9.8 (Windows 7 0.0.0).table column filter directive: with the given columns value"/>
    <testcase name="should open when I first toggle" time="0.014" classname="PhantomJS 1.9.8 (Windows 7 0.0.0).table column filter directive: when clicked"/>
    <testcase name="should close when I toggle twice" time="0.024" classname="PhantomJS 1.9.8 (Windows 7 0.0.0).table column filter directive: when clicked"/>
    <testcase name="should close when I click outside" time="0.017" classname="PhantomJS 1.9.8 (Windows 7 0.0.0).table column filter directive: when clicked"/>
    <testcase name="should do nothing when I click outside if open" time="0.014" classname="PhantomJS 1.9.8 (Windows 7 0.0.0).table column filter directive: when clicked"/>
    <testcase name="should restore when I click outside if open" time="0.012" classname="PhantomJS 1.9.8 (Windows 7 0.0.0).table column filter directive: when clicked"/>
    <testcase name="should update and close when I click update" time="0.013" classname="PhantomJS 1.9.8 (Windows 7 0.0.0).table column filter directive: when clicked"/>
    <testcase name="should have api of open and close" time="0.002" classname="PhantomJS 1.9.8 (Windows 7 0.0.0).alert service:"/>
    <testcase name="should have no alert default" time="0.001" classname="PhantomJS 1.9.8 (Windows 7 0.0.0).alert service:"/>
    <testcase name="should open one success alert" time="0.004" classname="PhantomJS 1.9.8 (Windows 7 0.0.0).alert service:"/>
    <testcase name="should dismiss success alert after several seconds" time="0.003" classname="PhantomJS 1.9.8 (Windows 7 0.0.0).alert service:"/>
    <testcase name="should close alert" time="0.001" classname="PhantomJS 1.9.8 (Windows 7 0.0.0).alert service:"/>
    <testcase name="should not close alert if invalid index is given" time="0.003" classname="PhantomJS 1.9.8 (Windows 7 0.0.0).alert service:"/>
    <testcase name="should not exceeds max number of alerts" time="0.001" classname="PhantomJS 1.9.8 (Windows 7 0.0.0).alert service:"/>
    <testcase name="should transform random alert type to success type" time="0.002" classname="PhantomJS 1.9.8 (Windows 7 0.0.0).alert service:"/>
    <testcase name="it should get the network of an environment" time="0.019" classname="PhantomJS 1.9.8 (Windows 7 0.0.0).Machine Service Call API the test for get EnvNetworks"/>
    <testcase name="A description of what should the method do" time="0.029" classname="PhantomJS 1.9.8 (Windows 7 0.0.0).Machine Service Call API getNewRes test"/>
    <testcase name="should transfer mb to gb" time="0.006" classname="PhantomJS 1.9.8 (Windows 7 0.0.0).Machine Service Call API transfer data value"/>
    <testcase name="should transfer gb to mb" time="0.006" classname="PhantomJS 1.9.8 (Windows 7 0.0.0).Machine Service Call API transfer data value"/>
    <testcase name="should have a VMCtrl controller" time="0.008" classname="PhantomJS 1.9.8 (Windows 7 0.0.0).vms controller">
      <failure type="">Error: [$injector:unpr] Unknown provider: _envProvider &lt;- _env &lt;- VMCtrl
http://errors.angularjs.org/1.4.4/$injector/unpr?p0=_envProvider%20%3C-%20_env%20%3C-%20VMCtrl
    at c:/Users/minkuany/newui/app/bower_components/angular/angular.js:4284
    at getService (c:/Users/minkuany/newui/app/bower_components/angular/angular.js:4432)
    at c:/Users/minkuany/newui/app/bower_components/angular/angular.js:4289
    at getService (c:/Users/minkuany/newui/app/bower_components/angular/angular.js:4432)
    at invoke (c:/Users/minkuany/newui/app/bower_components/angular/angular.js:4464)
    at instantiate (c:/Users/minkuany/newui/app/bower_components/angular/angular.js:4481)
    at c:/Users/minkuany/newui/app/bower_components/angular/angular.js:9108
    at c:/Users/minkuany/newui/app/bower_components/angular-mocks/angular-mocks.js:1845
    at c:/Users/minkuany/newui/app/main/environment/vm/vm.controller.spec.js:127
    at invoke (c:/Users/minkuany/newui/app/bower_components/angular/angular.js:4473)
    at workFn (c:/Users/minkuany/newui/app/bower_components/angular-mocks/angular-mocks.js:2401)
undefined
</failure>
    </testcase>
    <testcase name="should return true if vm is in ctrl.inOperationVMs" time="0.007" classname="PhantomJS 1.9.8 (Windows 7 0.0.0).vms controller">
      <failure type="">Error: [$injector:unpr] Unknown provider: _envProvider &lt;- _env &lt;- VMCtrl
http://errors.angularjs.org/1.4.4/$injector/unpr?p0=_envProvider%20%3C-%20_env%20%3C-%20VMCtrl
    at c:/Users/minkuany/newui/app/bower_components/angular/angular.js:4284
    at getService (c:/Users/minkuany/newui/app/bower_components/angular/angular.js:4432)
    at c:/Users/minkuany/newui/app/bower_components/angular/angular.js:4289
    at getService (c:/Users/minkuany/newui/app/bower_components/angular/angular.js:4432)
    at invoke (c:/Users/minkuany/newui/app/bower_components/angular/angular.js:4464)
    at instantiate (c:/Users/minkuany/newui/app/bower_components/angular/angular.js:4481)
    at c:/Users/minkuany/newui/app/bower_components/angular/angular.js:9108
    at c:/Users/minkuany/newui/app/bower_components/angular-mocks/angular-mocks.js:1845
    at c:/Users/minkuany/newui/app/main/environment/vm/vm.controller.spec.js:127
    at invoke (c:/Users/minkuany/newui/app/bower_components/angular/angular.js:4473)
    at workFn (c:/Users/minkuany/newui/app/bower_components/angular-mocks/angular-mocks.js:2401)
</failure>
      <failure type="">TypeError: &apos;undefined&apos; is not an object (evaluating &apos;ctrl&apos;)
    at c:/Users/minkuany/newui/app/main/environment/vm/vm.controller.spec.js:163
</failure>
    </testcase>
    <testcase name="should select all checkbox by toggleCheckAll function" time="0.007" classname="PhantomJS 1.9.8 (Windows 7 0.0.0).vms controller about checkbox selection">
      <failure type="">Error: [$injector:unpr] Unknown provider: _envProvider &lt;- _env &lt;- VMCtrl
http://errors.angularjs.org/1.4.4/$injector/unpr?p0=_envProvider%20%3C-%20_env%20%3C-%20VMCtrl
    at c:/Users/minkuany/newui/app/bower_components/angular/angular.js:4284
    at getService (c:/Users/minkuany/newui/app/bower_components/angular/angular.js:4432)
    at c:/Users/minkuany/newui/app/bower_components/angular/angular.js:4289
    at getService (c:/Users/minkuany/newui/app/bower_components/angular/angular.js:4432)
    at invoke (c:/Users/minkuany/newui/app/bower_components/angular/angular.js:4464)
    at instantiate (c:/Users/minkuany/newui/app/bower_components/angular/angular.js:4481)
    at c:/Users/minkuany/newui/app/bower_components/angular/angular.js:9108
    at c:/Users/minkuany/newui/app/bower_components/angular-mocks/angular-mocks.js:1845
    at c:/Users/minkuany/newui/app/main/environment/vm/vm.controller.spec.js:127
    at invoke (c:/Users/minkuany/newui/app/bower_components/angular/angular.js:4473)
    at workFn (c:/Users/minkuany/newui/app/bower_components/angular-mocks/angular-mocks.js:2401)
</failure>
      <failure type="">TypeError: &apos;undefined&apos; is not an object (evaluating &apos;ctrl.loadVMList&apos;)
    at c:/Users/minkuany/newui/app/main/environment/vm/vm.controller.spec.js:171
</failure>
      <failure type="">TypeError: &apos;undefined&apos; is not an object (evaluating &apos;ctrl.selectedVMs = []&apos;)
    at c:/Users/minkuany/newui/app/main/environment/vm/vm.controller.spec.js:175
</failure>
    </testcase>
    <testcase name="should diselect all checkbox by toggleCheckAll function when all machine checked" time="0.006" classname="PhantomJS 1.9.8 (Windows 7 0.0.0).vms controller about checkbox selection">
      <failure type="">Error: [$injector:unpr] Unknown provider: _envProvider &lt;- _env &lt;- VMCtrl
http://errors.angularjs.org/1.4.4/$injector/unpr?p0=_envProvider%20%3C-%20_env%20%3C-%20VMCtrl
    at c:/Users/minkuany/newui/app/bower_components/angular/angular.js:4284
    at getService (c:/Users/minkuany/newui/app/bower_components/angular/angular.js:4432)
    at c:/Users/minkuany/newui/app/bower_components/angular/angular.js:4289
    at getService (c:/Users/minkuany/newui/app/bower_components/angular/angular.js:4432)
    at invoke (c:/Users/minkuany/newui/app/bower_components/angular/angular.js:4464)
    at instantiate (c:/Users/minkuany/newui/app/bower_components/angular/angular.js:4481)
    at c:/Users/minkuany/newui/app/bower_components/angular/angular.js:9108
    at c:/Users/minkuany/newui/app/bower_components/angular-mocks/angular-mocks.js:1845
    at c:/Users/minkuany/newui/app/main/environment/vm/vm.controller.spec.js:127
    at invoke (c:/Users/minkuany/newui/app/bower_components/angular/angular.js:4473)
    at workFn (c:/Users/minkuany/newui/app/bower_components/angular-mocks/angular-mocks.js:2401)
</failure>
      <failure type="">TypeError: &apos;undefined&apos; is not an object (evaluating &apos;ctrl.loadVMList&apos;)
    at c:/Users/minkuany/newui/app/main/environment/vm/vm.controller.spec.js:171
</failure>
      <failure type="">TypeError: &apos;undefined&apos; is not an object (evaluating &apos;ctrl.VMs&apos;)
    at c:/Users/minkuany/newui/app/main/environment/vm/vm.controller.spec.js:181
</failure>
    </testcase>
    <testcase name="should disable the disableOption if one of vm is suspend" time="0.008" classname="PhantomJS 1.9.8 (Windows 7 0.0.0).vms controller about checkbox selection">
      <failure type="">Error: [$injector:unpr] Unknown provider: _envProvider &lt;- _env &lt;- VMCtrl
http://errors.angularjs.org/1.4.4/$injector/unpr?p0=_envProvider%20%3C-%20_env%20%3C-%20VMCtrl
    at c:/Users/minkuany/newui/app/bower_components/angular/angular.js:4284
    at getService (c:/Users/minkuany/newui/app/bower_components/angular/angular.js:4432)
    at c:/Users/minkuany/newui/app/bower_components/angular/angular.js:4289
    at getService (c:/Users/minkuany/newui/app/bower_components/angular/angular.js:4432)
    at invoke (c:/Users/minkuany/newui/app/bower_components/angular/angular.js:4464)
    at instantiate (c:/Users/minkuany/newui/app/bower_components/angular/angular.js:4481)
    at c:/Users/minkuany/newui/app/bower_components/angular/angular.js:9108
    at c:/Users/minkuany/newui/app/bower_components/angular-mocks/angular-mocks.js:1845
    at c:/Users/minkuany/newui/app/main/environment/vm/vm.controller.spec.js:127
    at invoke (c:/Users/minkuany/newui/app/bower_components/angular/angular.js:4473)
    at workFn (c:/Users/minkuany/newui/app/bower_components/angular-mocks/angular-mocks.js:2401)
</failure>
      <failure type="">TypeError: &apos;undefined&apos; is not an object (evaluating &apos;ctrl.loadVMList&apos;)
    at c:/Users/minkuany/newui/app/main/environment/vm/vm.controller.spec.js:171
</failure>
      <failure type="">TypeError: &apos;undefined&apos; is not an object (evaluating &apos;ctrl.VMs&apos;)
    at c:/Users/minkuany/newui/app/main/environment/vm/vm.controller.spec.js:187
</failure>
    </testcase>
    <testcase name="should change sort when column is the same as sort.column" time="0.006" classname="PhantomJS 1.9.8 (Windows 7 0.0.0).vms controller change sorting function">
      <failure type="">Error: [$injector:unpr] Unknown provider: _envProvider &lt;- _env &lt;- VMCtrl
http://errors.angularjs.org/1.4.4/$injector/unpr?p0=_envProvider%20%3C-%20_env%20%3C-%20VMCtrl
    at c:/Users/minkuany/newui/app/bower_components/angular/angular.js:4284
    at getService (c:/Users/minkuany/newui/app/bower_components/angular/angular.js:4432)
    at c:/Users/minkuany/newui/app/bower_components/angular/angular.js:4289
    at getService (c:/Users/minkuany/newui/app/bower_components/angular/angular.js:4432)
    at invoke (c:/Users/minkuany/newui/app/bower_components/angular/angular.js:4464)
    at instantiate (c:/Users/minkuany/newui/app/bower_components/angular/angular.js:4481)
    at c:/Users/minkuany/newui/app/bower_components/angular/angular.js:9108
    at c:/Users/minkuany/newui/app/bower_components/angular-mocks/angular-mocks.js:1845
    at c:/Users/minkuany/newui/app/main/environment/vm/vm.controller.spec.js:127
    at invoke (c:/Users/minkuany/newui/app/bower_components/angular/angular.js:4473)
    at workFn (c:/Users/minkuany/newui/app/bower_components/angular-mocks/angular-mocks.js:2401)
</failure>
      <failure type="">TypeError: &apos;undefined&apos; is not an object (evaluating &apos;ctrl.sort = {
                column: &apos;name&apos;,
                descending: false
            }&apos;)
    at c:/Users/minkuany/newui/app/main/environment/vm/vm.controller.spec.js:198
</failure>
      <failure type="">TypeError: &apos;undefined&apos; is not an object (evaluating &apos;ctrl.changeSorting&apos;)
    at c:/Users/minkuany/newui/app/main/environment/vm/vm.controller.spec.js:213
</failure>
    </testcase>
    <testcase name="should sort new column when column is the not same as sort.column" time="0.006" classname="PhantomJS 1.9.8 (Windows 7 0.0.0).vms controller change sorting function">
      <failure type="">Error: [$injector:unpr] Unknown provider: _envProvider &lt;- _env &lt;- VMCtrl
http://errors.angularjs.org/1.4.4/$injector/unpr?p0=_envProvider%20%3C-%20_env%20%3C-%20VMCtrl
    at c:/Users/minkuany/newui/app/bower_components/angular/angular.js:4284
    at getService (c:/Users/minkuany/newui/app/bower_components/angular/angular.js:4432)
    at c:/Users/minkuany/newui/app/bower_components/angular/angular.js:4289
    at getService (c:/Users/minkuany/newui/app/bower_components/angular/angular.js:4432)
    at invoke (c:/Users/minkuany/newui/app/bower_components/angular/angular.js:4464)
    at instantiate (c:/Users/minkuany/newui/app/bower_components/angular/angular.js:4481)
    at c:/Users/minkuany/newui/app/bower_components/angular/angular.js:9108
    at c:/Users/minkuany/newui/app/bower_components/angular-mocks/angular-mocks.js:1845
    at c:/Users/minkuany/newui/app/main/environment/vm/vm.controller.spec.js:127
    at invoke (c:/Users/minkuany/newui/app/bower_components/angular/angular.js:4473)
    at workFn (c:/Users/minkuany/newui/app/bower_components/angular-mocks/angular-mocks.js:2401)
</failure>
      <failure type="">TypeError: &apos;undefined&apos; is not an object (evaluating &apos;ctrl.sort = {
                column: &apos;name&apos;,
                descending: false
            }&apos;)
    at c:/Users/minkuany/newui/app/main/environment/vm/vm.controller.spec.js:198
</failure>
      <failure type="">TypeError: &apos;undefined&apos; is not an object (evaluating &apos;ctrl.changeSorting&apos;)
    at c:/Users/minkuany/newui/app/main/environment/vm/vm.controller.spec.js:227
</failure>
    </testcase>
    <testcase name="should ctrl.VMs be array" time="0.009" classname="PhantomJS 1.9.8 (Windows 7 0.0.0).vms controller with the given vmid number">
      <failure type="">Error: [$injector:unpr] Unknown provider: _envProvider &lt;- _env &lt;- VMCtrl
http://errors.angularjs.org/1.4.4/$injector/unpr?p0=_envProvider%20%3C-%20_env%20%3C-%20VMCtrl
    at c:/Users/minkuany/newui/app/bower_components/angular/angular.js:4284
    at getService (c:/Users/minkuany/newui/app/bower_components/angular/angular.js:4432)
    at c:/Users/minkuany/newui/app/bower_components/angular/angular.js:4289
    at getService (c:/Users/minkuany/newui/app/bower_components/angular/angular.js:4432)
    at invoke (c:/Users/minkuany/newui/app/bower_components/angular/angular.js:4464)
    at instantiate (c:/Users/minkuany/newui/app/bower_components/angular/angular.js:4481)
    at c:/Users/minkuany/newui/app/bower_components/angular/angular.js:9108
    at c:/Users/minkuany/newui/app/bower_components/angular-mocks/angular-mocks.js:1845
    at c:/Users/minkuany/newui/app/main/environment/vm/vm.controller.spec.js:127
    at invoke (c:/Users/minkuany/newui/app/bower_components/angular/angular.js:4473)
    at workFn (c:/Users/minkuany/newui/app/bower_components/angular-mocks/angular-mocks.js:2401)
</failure>
      <failure type="">TypeError: &apos;undefined&apos; is not an object (evaluating &apos;ctrl.loadVMList&apos;)
    at c:/Users/minkuany/newui/app/main/environment/vm/vm.controller.spec.js:247
</failure>
      <failure type="">TypeError: &apos;undefined&apos; is not an object (evaluating &apos;ctrl.VMs&apos;)
    at c:/Users/minkuany/newui/app/main/environment/vm/vm.controller.spec.js:253
</failure>
    </testcase>
    <testcase name="should have 4 virtual machines" time="0.01" classname="PhantomJS 1.9.8 (Windows 7 0.0.0).vms controller with the given vmid number">
      <failure type="">Error: [$injector:unpr] Unknown provider: _envProvider &lt;- _env &lt;- VMCtrl
http://errors.angularjs.org/1.4.4/$injector/unpr?p0=_envProvider%20%3C-%20_env%20%3C-%20VMCtrl
    at c:/Users/minkuany/newui/app/bower_components/angular/angular.js:4284
    at getService (c:/Users/minkuany/newui/app/bower_components/angular/angular.js:4432)
    at c:/Users/minkuany/newui/app/bower_components/angular/angular.js:4289
    at getService (c:/Users/minkuany/newui/app/bower_components/angular/angular.js:4432)
    at invoke (c:/Users/minkuany/newui/app/bower_components/angular/angular.js:4464)
    at instantiate (c:/Users/minkuany/newui/app/bower_components/angular/angular.js:4481)
    at c:/Users/minkuany/newui/app/bower_components/angular/angular.js:9108
    at c:/Users/minkuany/newui/app/bower_components/angular-mocks/angular-mocks.js:1845
    at c:/Users/minkuany/newui/app/main/environment/vm/vm.controller.spec.js:127
    at invoke (c:/Users/minkuany/newui/app/bower_components/angular/angular.js:4473)
    at workFn (c:/Users/minkuany/newui/app/bower_components/angular-mocks/angular-mocks.js:2401)
</failure>
      <failure type="">TypeError: &apos;undefined&apos; is not an object (evaluating &apos;ctrl.loadVMList&apos;)
    at c:/Users/minkuany/newui/app/main/environment/vm/vm.controller.spec.js:247
</failure>
      <failure type="">TypeError: &apos;undefined&apos; is not an object (evaluating &apos;ctrl.VMs&apos;)
    at c:/Users/minkuany/newui/app/main/environment/vm/vm.controller.spec.js:256
</failure>
    </testcase>
    <testcase name="should load vmTemp" time="0.007" classname="PhantomJS 1.9.8 (Windows 7 0.0.0).vms controller with the given vmid number">
      <failure type="">Error: [$injector:unpr] Unknown provider: _envProvider &lt;- _env &lt;- VMCtrl
http://errors.angularjs.org/1.4.4/$injector/unpr?p0=_envProvider%20%3C-%20_env%20%3C-%20VMCtrl
    at c:/Users/minkuany/newui/app/bower_components/angular/angular.js:4284
    at getService (c:/Users/minkuany/newui/app/bower_components/angular/angular.js:4432)
    at c:/Users/minkuany/newui/app/bower_components/angular/angular.js:4289
    at getService (c:/Users/minkuany/newui/app/bower_components/angular/angular.js:4432)
    at invoke (c:/Users/minkuany/newui/app/bower_components/angular/angular.js:4464)
    at instantiate (c:/Users/minkuany/newui/app/bower_components/angular/angular.js:4481)
    at c:/Users/minkuany/newui/app/bower_components/angular/angular.js:9108
    at c:/Users/minkuany/newui/app/bower_components/angular-mocks/angular-mocks.js:1845
    at c:/Users/minkuany/newui/app/main/environment/vm/vm.controller.spec.js:127
    at invoke (c:/Users/minkuany/newui/app/bower_components/angular/angular.js:4473)
    at workFn (c:/Users/minkuany/newui/app/bower_components/angular-mocks/angular-mocks.js:2401)
</failure>
      <failure type="">TypeError: &apos;undefined&apos; is not an object (evaluating &apos;ctrl.loadVMList&apos;)
    at c:/Users/minkuany/newui/app/main/environment/vm/vm.controller.spec.js:247
</failure>
      <failure type="">TypeError: &apos;undefined&apos; is not an object (evaluating &apos;ctrl.getVMById&apos;)
    at c:/Users/minkuany/newui/app/main/environment/vm/vm.controller.spec.js:266
</failure>
    </testcase>
    <testcase name="should loaded vmSaveTemp for first click to expand" time="0.039" classname="PhantomJS 1.9.8 (Windows 7 0.0.0).vms controller with the given vmid number after loadVMs and showVmEdit">
      <failure type="">Error: [$injector:unpr] Unknown provider: _envProvider &lt;- _env &lt;- VMCtrl
http://errors.angularjs.org/1.4.4/$injector/unpr?p0=_envProvider%20%3C-%20_env%20%3C-%20VMCtrl
    at c:/Users/minkuany/newui/app/bower_components/angular/angular.js:4284
    at getService (c:/Users/minkuany/newui/app/bower_components/angular/angular.js:4432)
    at c:/Users/minkuany/newui/app/bower_components/angular/angular.js:4289
    at getService (c:/Users/minkuany/newui/app/bower_components/angular/angular.js:4432)
    at invoke (c:/Users/minkuany/newui/app/bower_components/angular/angular.js:4464)
    at instantiate (c:/Users/minkuany/newui/app/bower_components/angular/angular.js:4481)
    at c:/Users/minkuany/newui/app/bower_components/angular/angular.js:9108
    at c:/Users/minkuany/newui/app/bower_components/angular-mocks/angular-mocks.js:1845
    at c:/Users/minkuany/newui/app/main/environment/vm/vm.controller.spec.js:127
    at invoke (c:/Users/minkuany/newui/app/bower_components/angular/angular.js:4473)
    at workFn (c:/Users/minkuany/newui/app/bower_components/angular-mocks/angular-mocks.js:2401)
</failure>
      <failure type="">TypeError: &apos;undefined&apos; is not an object (evaluating &apos;ctrl.loadVMList&apos;)
    at c:/Users/minkuany/newui/app/main/environment/vm/vm.controller.spec.js:247
</failure>
      <failure type="">TypeError: &apos;undefined&apos; is not an object (evaluating &apos;ctrl.showVmEdit&apos;)
    at c:/Users/minkuany/newui/app/main/environment/vm/vm.controller.spec.js:280
</failure>
      <failure type="">TypeError: &apos;undefined&apos; is not an object (evaluating &apos;ctrl.showPage&apos;)
    at c:/Users/minkuany/newui/app/main/environment/vm/vm.controller.spec.js:283
</failure>
    </testcase>
    <testcase name="should close the expanded table if click 2 times" time="0.008" classname="PhantomJS 1.9.8 (Windows 7 0.0.0).vms controller with the given vmid number after loadVMs and showVmEdit">
      <failure type="">Error: [$injector:unpr] Unknown provider: _envProvider &lt;- _env &lt;- VMCtrl
http://errors.angularjs.org/1.4.4/$injector/unpr?p0=_envProvider%20%3C-%20_env%20%3C-%20VMCtrl
    at c:/Users/minkuany/newui/app/bower_components/angular/angular.js:4284
    at getService (c:/Users/minkuany/newui/app/bower_components/angular/angular.js:4432)
    at c:/Users/minkuany/newui/app/bower_components/angular/angular.js:4289
    at getService (c:/Users/minkuany/newui/app/bower_components/angular/angular.js:4432)
    at invoke (c:/Users/minkuany/newui/app/bower_components/angular/angular.js:4464)
    at instantiate (c:/Users/minkuany/newui/app/bower_components/angular/angular.js:4481)
    at c:/Users/minkuany/newui/app/bower_components/angular/angular.js:9108
    at c:/Users/minkuany/newui/app/bower_components/angular-mocks/angular-mocks.js:1845
    at c:/Users/minkuany/newui/app/main/environment/vm/vm.controller.spec.js:127
    at invoke (c:/Users/minkuany/newui/app/bower_components/angular/angular.js:4473)
    at workFn (c:/Users/minkuany/newui/app/bower_components/angular-mocks/angular-mocks.js:2401)
</failure>
      <failure type="">TypeError: &apos;undefined&apos; is not an object (evaluating &apos;ctrl.loadVMList&apos;)
    at c:/Users/minkuany/newui/app/main/environment/vm/vm.controller.spec.js:247
</failure>
      <failure type="">TypeError: &apos;undefined&apos; is not an object (evaluating &apos;ctrl.showVmEdit&apos;)
    at c:/Users/minkuany/newui/app/main/environment/vm/vm.controller.spec.js:280
</failure>
      <failure type="">TypeError: &apos;undefined&apos; is not an object (evaluating &apos;ctrl.showVmEdit&apos;)
    at c:/Users/minkuany/newui/app/main/environment/vm/vm.controller.spec.js:291
</failure>
    </testcase>
    <testcase name="should close the expanded table and revert the data to the original" time="0.008" classname="PhantomJS 1.9.8 (Windows 7 0.0.0).vms controller with the given vmid number after loadVMs and showVmEdit">
      <failure type="">Error: [$injector:unpr] Unknown provider: _envProvider &lt;- _env &lt;- VMCtrl
http://errors.angularjs.org/1.4.4/$injector/unpr?p0=_envProvider%20%3C-%20_env%20%3C-%20VMCtrl
    at c:/Users/minkuany/newui/app/bower_components/angular/angular.js:4284
    at getService (c:/Users/minkuany/newui/app/bower_components/angular/angular.js:4432)
    at c:/Users/minkuany/newui/app/bower_components/angular/angular.js:4289
    at getService (c:/Users/minkuany/newui/app/bower_components/angular/angular.js:4432)
    at invoke (c:/Users/minkuany/newui/app/bower_components/angular/angular.js:4464)
    at instantiate (c:/Users/minkuany/newui/app/bower_components/angular/angular.js:4481)
    at c:/Users/minkuany/newui/app/bower_components/angular/angular.js:9108
    at c:/Users/minkuany/newui/app/bower_components/angular-mocks/angular-mocks.js:1845
    at c:/Users/minkuany/newui/app/main/environment/vm/vm.controller.spec.js:127
    at invoke (c:/Users/minkuany/newui/app/bower_components/angular/angular.js:4473)
    at workFn (c:/Users/minkuany/newui/app/bower_components/angular-mocks/angular-mocks.js:2401)
</failure>
      <failure type="">TypeError: &apos;undefined&apos; is not an object (evaluating &apos;ctrl.loadVMList&apos;)
    at c:/Users/minkuany/newui/app/main/environment/vm/vm.controller.spec.js:247
</failure>
      <failure type="">TypeError: &apos;undefined&apos; is not an object (evaluating &apos;ctrl.showVmEdit&apos;)
    at c:/Users/minkuany/newui/app/main/environment/vm/vm.controller.spec.js:280
</failure>
      <failure type="">TypeError: &apos;undefined&apos; is not an object (evaluating &apos;ctrl.configTmp&apos;)
    at c:/Users/minkuany/newui/app/main/environment/vm/vm.controller.spec.js:296
</failure>
    </testcase>
    <testcase name="should change the configTmp network" time="0.008" classname="PhantomJS 1.9.8 (Windows 7 0.0.0).vms controller with the given vmid number after loadVMs and showVmEdit">
      <failure type="">Error: [$injector:unpr] Unknown provider: _envProvider &lt;- _env &lt;- VMCtrl
http://errors.angularjs.org/1.4.4/$injector/unpr?p0=_envProvider%20%3C-%20_env%20%3C-%20VMCtrl
    at c:/Users/minkuany/newui/app/bower_components/angular/angular.js:4284
    at getService (c:/Users/minkuany/newui/app/bower_components/angular/angular.js:4432)
    at c:/Users/minkuany/newui/app/bower_components/angular/angular.js:4289
    at getService (c:/Users/minkuany/newui/app/bower_components/angular/angular.js:4432)
    at invoke (c:/Users/minkuany/newui/app/bower_components/angular/angular.js:4464)
    at instantiate (c:/Users/minkuany/newui/app/bower_components/angular/angular.js:4481)
    at c:/Users/minkuany/newui/app/bower_components/angular/angular.js:9108
    at c:/Users/minkuany/newui/app/bower_components/angular-mocks/angular-mocks.js:1845
    at c:/Users/minkuany/newui/app/main/environment/vm/vm.controller.spec.js:127
    at invoke (c:/Users/minkuany/newui/app/bower_components/angular/angular.js:4473)
    at workFn (c:/Users/minkuany/newui/app/bower_components/angular-mocks/angular-mocks.js:2401)
</failure>
      <failure type="">TypeError: &apos;undefined&apos; is not an object (evaluating &apos;ctrl.loadVMList&apos;)
    at c:/Users/minkuany/newui/app/main/environment/vm/vm.controller.spec.js:247
</failure>
      <failure type="">TypeError: &apos;undefined&apos; is not an object (evaluating &apos;ctrl.showVmEdit&apos;)
    at c:/Users/minkuany/newui/app/main/environment/vm/vm.controller.spec.js:280
</failure>
      <failure type="">TypeError: &apos;undefined&apos; is not an object (evaluating &apos;ctrl.selectNetwork&apos;)
    at c:/Users/minkuany/newui/app/main/environment/vm/vm.controller.spec.js:316
</failure>
    </testcase>
    <testcase name="should change the memory if click" time="0.011" classname="PhantomJS 1.9.8 (Windows 7 0.0.0).vms controller with the given vmid number after loadVMs and showVmEdit">
      <failure type="">Error: [$injector:unpr] Unknown provider: _envProvider &lt;- _env &lt;- VMCtrl
http://errors.angularjs.org/1.4.4/$injector/unpr?p0=_envProvider%20%3C-%20_env%20%3C-%20VMCtrl
    at c:/Users/minkuany/newui/app/bower_components/angular/angular.js:4284
    at getService (c:/Users/minkuany/newui/app/bower_components/angular/angular.js:4432)
    at c:/Users/minkuany/newui/app/bower_components/angular/angular.js:4289
    at getService (c:/Users/minkuany/newui/app/bower_components/angular/angular.js:4432)
    at invoke (c:/Users/minkuany/newui/app/bower_components/angular/angular.js:4464)
    at instantiate (c:/Users/minkuany/newui/app/bower_components/angular/angular.js:4481)
    at c:/Users/minkuany/newui/app/bower_components/angular/angular.js:9108
    at c:/Users/minkuany/newui/app/bower_components/angular-mocks/angular-mocks.js:1845
    at c:/Users/minkuany/newui/app/main/environment/vm/vm.controller.spec.js:127
    at invoke (c:/Users/minkuany/newui/app/bower_components/angular/angular.js:4473)
    at workFn (c:/Users/minkuany/newui/app/bower_components/angular-mocks/angular-mocks.js:2401)
</failure>
      <failure type="">TypeError: &apos;undefined&apos; is not an object (evaluating &apos;ctrl.loadVMList&apos;)
    at c:/Users/minkuany/newui/app/main/environment/vm/vm.controller.spec.js:247
</failure>
      <failure type="">TypeError: &apos;undefined&apos; is not an object (evaluating &apos;ctrl.showVmEdit&apos;)
    at c:/Users/minkuany/newui/app/main/environment/vm/vm.controller.spec.js:280
</failure>
      <failure type="">TypeError: &apos;undefined&apos; is not an object (evaluating &apos;ctrl.selectMemory&apos;)
    at c:/Users/minkuany/newui/app/main/environment/vm/vm.controller.spec.js:324
</failure>
    </testcase>
    <testcase name="should change the cpu if click" time="0.012" classname="PhantomJS 1.9.8 (Windows 7 0.0.0).vms controller with the given vmid number after loadVMs and showVmEdit">
      <failure type="">Error: [$injector:unpr] Unknown provider: _envProvider &lt;- _env &lt;- VMCtrl
http://errors.angularjs.org/1.4.4/$injector/unpr?p0=_envProvider%20%3C-%20_env%20%3C-%20VMCtrl
    at c:/Users/minkuany/newui/app/bower_components/angular/angular.js:4284
    at getService (c:/Users/minkuany/newui/app/bower_components/angular/angular.js:4432)
    at c:/Users/minkuany/newui/app/bower_components/angular/angular.js:4289
    at getService (c:/Users/minkuany/newui/app/bower_components/angular/angular.js:4432)
    at invoke (c:/Users/minkuany/newui/app/bower_components/angular/angular.js:4464)
    at instantiate (c:/Users/minkuany/newui/app/bower_components/angular/angular.js:4481)
    at c:/Users/minkuany/newui/app/bower_components/angular/angular.js:9108
    at c:/Users/minkuany/newui/app/bower_components/angular-mocks/angular-mocks.js:1845
    at c:/Users/minkuany/newui/app/main/environment/vm/vm.controller.spec.js:127
    at invoke (c:/Users/minkuany/newui/app/bower_components/angular/angular.js:4473)
    at workFn (c:/Users/minkuany/newui/app/bower_components/angular-mocks/angular-mocks.js:2401)
</failure>
      <failure type="">TypeError: &apos;undefined&apos; is not an object (evaluating &apos;ctrl.loadVMList&apos;)
    at c:/Users/minkuany/newui/app/main/environment/vm/vm.controller.spec.js:247
</failure>
      <failure type="">TypeError: &apos;undefined&apos; is not an object (evaluating &apos;ctrl.showVmEdit&apos;)
    at c:/Users/minkuany/newui/app/main/environment/vm/vm.controller.spec.js:280
</failure>
      <failure type="">TypeError: &apos;undefined&apos; is not an object (evaluating &apos;ctrl.selectCPU&apos;)
    at c:/Users/minkuany/newui/app/main/environment/vm/vm.controller.spec.js:330
</failure>
    </testcase>
    <testcase name="should revert any change on configTmp to the origin" time="0.011" classname="PhantomJS 1.9.8 (Windows 7 0.0.0).vms controller with the given vmid number after loadVMs and showVmEdit">
      <failure type="">Error: [$injector:unpr] Unknown provider: _envProvider &lt;- _env &lt;- VMCtrl
http://errors.angularjs.org/1.4.4/$injector/unpr?p0=_envProvider%20%3C-%20_env%20%3C-%20VMCtrl
    at c:/Users/minkuany/newui/app/bower_components/angular/angular.js:4284
    at getService (c:/Users/minkuany/newui/app/bower_components/angular/angular.js:4432)
    at c:/Users/minkuany/newui/app/bower_components/angular/angular.js:4289
    at getService (c:/Users/minkuany/newui/app/bower_components/angular/angular.js:4432)
    at invoke (c:/Users/minkuany/newui/app/bower_components/angular/angular.js:4464)
    at instantiate (c:/Users/minkuany/newui/app/bower_components/angular/angular.js:4481)
    at c:/Users/minkuany/newui/app/bower_components/angular/angular.js:9108
    at c:/Users/minkuany/newui/app/bower_components/angular-mocks/angular-mocks.js:1845
    at c:/Users/minkuany/newui/app/main/environment/vm/vm.controller.spec.js:127
    at invoke (c:/Users/minkuany/newui/app/bower_components/angular/angular.js:4473)
    at workFn (c:/Users/minkuany/newui/app/bower_components/angular-mocks/angular-mocks.js:2401)
</failure>
      <failure type="">TypeError: &apos;undefined&apos; is not an object (evaluating &apos;ctrl.loadVMList&apos;)
    at c:/Users/minkuany/newui/app/main/environment/vm/vm.controller.spec.js:247
</failure>
      <failure type="">TypeError: &apos;undefined&apos; is not an object (evaluating &apos;ctrl.showVmEdit&apos;)
    at c:/Users/minkuany/newui/app/main/environment/vm/vm.controller.spec.js:280
</failure>
      <failure type="">TypeError: &apos;undefined&apos; is not an object (evaluating &apos;ctrl.configTmp&apos;)
    at c:/Users/minkuany/newui/app/main/environment/vm/vm.controller.spec.js:335
</failure>
    </testcase>
    <testcase name="should revert any change on saveTemp to the origin" time="0.008" classname="PhantomJS 1.9.8 (Windows 7 0.0.0).vms controller with the given vmid number after loadVMs and showVmEdit">
      <failure type="">Error: [$injector:unpr] Unknown provider: _envProvider &lt;- _env &lt;- VMCtrl
http://errors.angularjs.org/1.4.4/$injector/unpr?p0=_envProvider%20%3C-%20_env%20%3C-%20VMCtrl
    at c:/Users/minkuany/newui/app/bower_components/angular/angular.js:4284
    at getService (c:/Users/minkuany/newui/app/bower_components/angular/angular.js:4432)
    at c:/Users/minkuany/newui/app/bower_components/angular/angular.js:4289
    at getService (c:/Users/minkuany/newui/app/bower_components/angular/angular.js:4432)
    at invoke (c:/Users/minkuany/newui/app/bower_components/angular/angular.js:4464)
    at instantiate (c:/Users/minkuany/newui/app/bower_components/angular/angular.js:4481)
    at c:/Users/minkuany/newui/app/bower_components/angular/angular.js:9108
    at c:/Users/minkuany/newui/app/bower_components/angular-mocks/angular-mocks.js:1845
    at c:/Users/minkuany/newui/app/main/environment/vm/vm.controller.spec.js:127
    at invoke (c:/Users/minkuany/newui/app/bower_components/angular/angular.js:4473)
    at workFn (c:/Users/minkuany/newui/app/bower_components/angular-mocks/angular-mocks.js:2401)
</failure>
      <failure type="">TypeError: &apos;undefined&apos; is not an object (evaluating &apos;ctrl.loadVMList&apos;)
    at c:/Users/minkuany/newui/app/main/environment/vm/vm.controller.spec.js:247
</failure>
      <failure type="">TypeError: &apos;undefined&apos; is not an object (evaluating &apos;ctrl.showVmEdit&apos;)
    at c:/Users/minkuany/newui/app/main/environment/vm/vm.controller.spec.js:280
</failure>
      <failure type="">TypeError: &apos;undefined&apos; is not an object (evaluating &apos;ctrl.saveTemp&apos;)
    at c:/Users/minkuany/newui/app/main/environment/vm/vm.controller.spec.js:347
</failure>
    </testcase>
    <testcase name="should increase the number of Template up to 4" time="0.008" classname="PhantomJS 1.9.8 (Windows 7 0.0.0).vms controller with the given vmid number after loadVMs and showVmEdit">
      <failure type="">Error: [$injector:unpr] Unknown provider: _envProvider &lt;- _env &lt;- VMCtrl
http://errors.angularjs.org/1.4.4/$injector/unpr?p0=_envProvider%20%3C-%20_env%20%3C-%20VMCtrl
    at c:/Users/minkuany/newui/app/bower_components/angular/angular.js:4284
    at getService (c:/Users/minkuany/newui/app/bower_components/angular/angular.js:4432)
    at c:/Users/minkuany/newui/app/bower_components/angular/angular.js:4289
    at getService (c:/Users/minkuany/newui/app/bower_components/angular/angular.js:4432)
    at invoke (c:/Users/minkuany/newui/app/bower_components/angular/angular.js:4464)
    at instantiate (c:/Users/minkuany/newui/app/bower_components/angular/angular.js:4481)
    at c:/Users/minkuany/newui/app/bower_components/angular/angular.js:9108
    at c:/Users/minkuany/newui/app/bower_components/angular-mocks/angular-mocks.js:1845
    at c:/Users/minkuany/newui/app/main/environment/vm/vm.controller.spec.js:127
    at invoke (c:/Users/minkuany/newui/app/bower_components/angular/angular.js:4473)
    at workFn (c:/Users/minkuany/newui/app/bower_components/angular-mocks/angular-mocks.js:2401)
</failure>
      <failure type="">TypeError: &apos;undefined&apos; is not an object (evaluating &apos;ctrl.loadVMList&apos;)
    at c:/Users/minkuany/newui/app/main/environment/vm/vm.controller.spec.js:247
</failure>
      <failure type="">TypeError: &apos;undefined&apos; is not an object (evaluating &apos;ctrl.showVmEdit&apos;)
    at c:/Users/minkuany/newui/app/main/environment/vm/vm.controller.spec.js:280
</failure>
      <failure type="">TypeError: &apos;undefined&apos; is not an object (evaluating &apos;ctrl.changeTplNumber&apos;)
    at c:/Users/minkuany/newui/app/main/environment/vm/vm.controller.spec.js:357
</failure>
    </testcase>
    <testcase name="should decrease the number of Template least to 1" time="0.01" classname="PhantomJS 1.9.8 (Windows 7 0.0.0).vms controller with the given vmid number after loadVMs and showVmEdit">
      <failure type="">Error: [$injector:unpr] Unknown provider: _envProvider &lt;- _env &lt;- VMCtrl
http://errors.angularjs.org/1.4.4/$injector/unpr?p0=_envProvider%20%3C-%20_env%20%3C-%20VMCtrl
    at c:/Users/minkuany/newui/app/bower_components/angular/angular.js:4284
    at getService (c:/Users/minkuany/newui/app/bower_components/angular/angular.js:4432)
    at c:/Users/minkuany/newui/app/bower_components/angular/angular.js:4289
    at getService (c:/Users/minkuany/newui/app/bower_components/angular/angular.js:4432)
    at invoke (c:/Users/minkuany/newui/app/bower_components/angular/angular.js:4464)
    at instantiate (c:/Users/minkuany/newui/app/bower_components/angular/angular.js:4481)
    at c:/Users/minkuany/newui/app/bower_components/angular/angular.js:9108
    at c:/Users/minkuany/newui/app/bower_components/angular-mocks/angular-mocks.js:1845
    at c:/Users/minkuany/newui/app/main/environment/vm/vm.controller.spec.js:127
    at invoke (c:/Users/minkuany/newui/app/bower_components/angular/angular.js:4473)
    at workFn (c:/Users/minkuany/newui/app/bower_components/angular-mocks/angular-mocks.js:2401)
</failure>
      <failure type="">TypeError: &apos;undefined&apos; is not an object (evaluating &apos;ctrl.loadVMList&apos;)
    at c:/Users/minkuany/newui/app/main/environment/vm/vm.controller.spec.js:247
</failure>
      <failure type="">TypeError: &apos;undefined&apos; is not an object (evaluating &apos;ctrl.showVmEdit&apos;)
    at c:/Users/minkuany/newui/app/main/environment/vm/vm.controller.spec.js:280
</failure>
      <failure type="">TypeError: &apos;undefined&apos; is not an object (evaluating &apos;ctrl.changeTplNumber&apos;)
    at c:/Users/minkuany/newui/app/main/environment/vm/vm.controller.spec.js:368
</failure>
    </testcase>
    <testcase name="should update VM&apos; info" time="0.01" classname="PhantomJS 1.9.8 (Windows 7 0.0.0).vms controller with the given vmid number after loadVMs and showVmEdit">
      <failure type="">Error: [$injector:unpr] Unknown provider: _envProvider &lt;- _env &lt;- VMCtrl
http://errors.angularjs.org/1.4.4/$injector/unpr?p0=_envProvider%20%3C-%20_env%20%3C-%20VMCtrl
    at c:/Users/minkuany/newui/app/bower_components/angular/angular.js:4284
    at getService (c:/Users/minkuany/newui/app/bower_components/angular/angular.js:4432)
    at c:/Users/minkuany/newui/app/bower_components/angular/angular.js:4289
    at getService (c:/Users/minkuany/newui/app/bower_components/angular/angular.js:4432)
    at invoke (c:/Users/minkuany/newui/app/bower_components/angular/angular.js:4464)
    at instantiate (c:/Users/minkuany/newui/app/bower_components/angular/angular.js:4481)
    at c:/Users/minkuany/newui/app/bower_components/angular/angular.js:9108
    at c:/Users/minkuany/newui/app/bower_components/angular-mocks/angular-mocks.js:1845
    at c:/Users/minkuany/newui/app/main/environment/vm/vm.controller.spec.js:127
    at invoke (c:/Users/minkuany/newui/app/bower_components/angular/angular.js:4473)
    at workFn (c:/Users/minkuany/newui/app/bower_components/angular-mocks/angular-mocks.js:2401)
</failure>
      <failure type="">TypeError: &apos;undefined&apos; is not an object (evaluating &apos;ctrl.loadVMList&apos;)
    at c:/Users/minkuany/newui/app/main/environment/vm/vm.controller.spec.js:247
</failure>
      <failure type="">TypeError: &apos;undefined&apos; is not an object (evaluating &apos;ctrl.showVmEdit&apos;)
    at c:/Users/minkuany/newui/app/main/environment/vm/vm.controller.spec.js:280
</failure>
      <failure type="">TypeError: &apos;undefined&apos; is not an object (evaluating &apos;ctrl.configTmp&apos;)
    at c:/Users/minkuany/newui/app/main/environment/vm/vm.controller.spec.js:383
</failure>
    </testcase>
    <testcase name="should save VM template" time="0.013" classname="PhantomJS 1.9.8 (Windows 7 0.0.0).vms controller with the given vmid number after loadVMs and showVmEdit">
      <failure type="">Error: [$injector:unpr] Unknown provider: _envProvider &lt;- _env &lt;- VMCtrl
http://errors.angularjs.org/1.4.4/$injector/unpr?p0=_envProvider%20%3C-%20_env%20%3C-%20VMCtrl
    at c:/Users/minkuany/newui/app/bower_components/angular/angular.js:4284
    at getService (c:/Users/minkuany/newui/app/bower_components/angular/angular.js:4432)
    at c:/Users/minkuany/newui/app/bower_components/angular/angular.js:4289
    at getService (c:/Users/minkuany/newui/app/bower_components/angular/angular.js:4432)
    at invoke (c:/Users/minkuany/newui/app/bower_components/angular/angular.js:4464)
    at instantiate (c:/Users/minkuany/newui/app/bower_components/angular/angular.js:4481)
    at c:/Users/minkuany/newui/app/bower_components/angular/angular.js:9108
    at c:/Users/minkuany/newui/app/bower_components/angular-mocks/angular-mocks.js:1845
    at c:/Users/minkuany/newui/app/main/environment/vm/vm.controller.spec.js:127
    at invoke (c:/Users/minkuany/newui/app/bower_components/angular/angular.js:4473)
    at workFn (c:/Users/minkuany/newui/app/bower_components/angular-mocks/angular-mocks.js:2401)
</failure>
      <failure type="">TypeError: &apos;undefined&apos; is not an object (evaluating &apos;ctrl.loadVMList&apos;)
    at c:/Users/minkuany/newui/app/main/environment/vm/vm.controller.spec.js:247
</failure>
      <failure type="">TypeError: &apos;undefined&apos; is not an object (evaluating &apos;ctrl.showVmEdit&apos;)
    at c:/Users/minkuany/newui/app/main/environment/vm/vm.controller.spec.js:280
</failure>
      <failure type="">TypeError: &apos;undefined&apos; is not an object (evaluating &apos;ctrl.saveTemp&apos;)
    at c:/Users/minkuany/newui/app/main/environment/vm/vm.controller.spec.js:397
</failure>
    </testcase>
    <testcase name="should open modal dialog when openDeleteDialog()" time="0.012" classname="PhantomJS 1.9.8 (Windows 7 0.0.0).vms controller test the delete dialog">
      <failure type="">Error: [$injector:unpr] Unknown provider: _envProvider &lt;- _env &lt;- VMCtrl
http://errors.angularjs.org/1.4.4/$injector/unpr?p0=_envProvider%20%3C-%20_env%20%3C-%20VMCtrl
    at c:/Users/minkuany/newui/app/bower_components/angular/angular.js:4284
    at getService (c:/Users/minkuany/newui/app/bower_components/angular/angular.js:4432)
    at c:/Users/minkuany/newui/app/bower_components/angular/angular.js:4289
    at getService (c:/Users/minkuany/newui/app/bower_components/angular/angular.js:4432)
    at invoke (c:/Users/minkuany/newui/app/bower_components/angular/angular.js:4464)
    at instantiate (c:/Users/minkuany/newui/app/bower_components/angular/angular.js:4481)
    at c:/Users/minkuany/newui/app/bower_components/angular/angular.js:9108
    at c:/Users/minkuany/newui/app/bower_components/angular-mocks/angular-mocks.js:1845
    at c:/Users/minkuany/newui/app/main/environment/vm/vm.controller.spec.js:127
    at invoke (c:/Users/minkuany/newui/app/bower_components/angular/angular.js:4473)
    at workFn (c:/Users/minkuany/newui/app/bower_components/angular-mocks/angular-mocks.js:2401)
</failure>
      <failure type="">TypeError: &apos;undefined&apos; is not an object (evaluating &apos;ctrl.openDeleteDialog&apos;)
    at c:/Users/minkuany/newui/app/main/environment/vm/vm.controller.spec.js:422
</failure>
    </testcase>
    <testcase name="should get true result in modal" time="0.012" classname="PhantomJS 1.9.8 (Windows 7 0.0.0).vms controller test the delete dialog">
      <failure type="">Error: [$injector:unpr] Unknown provider: _envProvider &lt;- _env &lt;- VMCtrl
http://errors.angularjs.org/1.4.4/$injector/unpr?p0=_envProvider%20%3C-%20_env%20%3C-%20VMCtrl
    at c:/Users/minkuany/newui/app/bower_components/angular/angular.js:4284
    at getService (c:/Users/minkuany/newui/app/bower_components/angular/angular.js:4432)
    at c:/Users/minkuany/newui/app/bower_components/angular/angular.js:4289
    at getService (c:/Users/minkuany/newui/app/bower_components/angular/angular.js:4432)
    at invoke (c:/Users/minkuany/newui/app/bower_components/angular/angular.js:4464)
    at instantiate (c:/Users/minkuany/newui/app/bower_components/angular/angular.js:4481)
    at c:/Users/minkuany/newui/app/bower_components/angular/angular.js:9108
    at c:/Users/minkuany/newui/app/bower_components/angular-mocks/angular-mocks.js:1845
    at c:/Users/minkuany/newui/app/main/environment/vm/vm.controller.spec.js:127
    at invoke (c:/Users/minkuany/newui/app/bower_components/angular/angular.js:4473)
    at workFn (c:/Users/minkuany/newui/app/bower_components/angular-mocks/angular-mocks.js:2401)
</failure>
      <failure type="">TypeError: &apos;undefined&apos; is not an object (evaluating &apos;ctrl.openDeleteDialog&apos;)
    at c:/Users/minkuany/newui/app/main/environment/vm/vm.controller.spec.js:432
</failure>
    </testcase>
    <testcase name="should delete in modal" time="0.02" classname="PhantomJS 1.9.8 (Windows 7 0.0.0).vms controller test the delete dialog">
      <failure type="">Error: [$injector:unpr] Unknown provider: _envProvider &lt;- _env &lt;- VMCtrl
http://errors.angularjs.org/1.4.4/$injector/unpr?p0=_envProvider%20%3C-%20_env%20%3C-%20VMCtrl
    at c:/Users/minkuany/newui/app/bower_components/angular/angular.js:4284
    at getService (c:/Users/minkuany/newui/app/bower_components/angular/angular.js:4432)
    at c:/Users/minkuany/newui/app/bower_components/angular/angular.js:4289
    at getService (c:/Users/minkuany/newui/app/bower_components/angular/angular.js:4432)
    at invoke (c:/Users/minkuany/newui/app/bower_components/angular/angular.js:4464)
    at instantiate (c:/Users/minkuany/newui/app/bower_components/angular/angular.js:4481)
    at c:/Users/minkuany/newui/app/bower_components/angular/angular.js:9108
    at c:/Users/minkuany/newui/app/bower_components/angular-mocks/angular-mocks.js:1845
    at c:/Users/minkuany/newui/app/main/environment/vm/vm.controller.spec.js:127
    at invoke (c:/Users/minkuany/newui/app/bower_components/angular/angular.js:4473)
    at workFn (c:/Users/minkuany/newui/app/bower_components/angular-mocks/angular-mocks.js:2401)
</failure>
      <failure type="">TypeError: &apos;undefined&apos; is not an object (evaluating &apos;ctrl.openDeleteDialog&apos;)
    at c:/Users/minkuany/newui/app/main/environment/vm/vm.controller.spec.js:438
</failure>
    </testcase>
    <testcase name="should power off the vm after power off" time="0.016" classname="PhantomJS 1.9.8 (Windows 7 0.0.0).vms controller test the vm operation function">
      <failure type="">Error: [$injector:unpr] Unknown provider: _envProvider &lt;- _env &lt;- VMCtrl
http://errors.angularjs.org/1.4.4/$injector/unpr?p0=_envProvider%20%3C-%20_env%20%3C-%20VMCtrl
    at c:/Users/minkuany/newui/app/bower_components/angular/angular.js:4284
    at getService (c:/Users/minkuany/newui/app/bower_components/angular/angular.js:4432)
    at c:/Users/minkuany/newui/app/bower_components/angular/angular.js:4289
    at getService (c:/Users/minkuany/newui/app/bower_components/angular/angular.js:4432)
    at invoke (c:/Users/minkuany/newui/app/bower_components/angular/angular.js:4464)
    at instantiate (c:/Users/minkuany/newui/app/bower_components/angular/angular.js:4481)
    at c:/Users/minkuany/newui/app/bower_components/angular/angular.js:9108
    at c:/Users/minkuany/newui/app/bower_components/angular-mocks/angular-mocks.js:1845
    at c:/Users/minkuany/newui/app/main/environment/vm/vm.controller.spec.js:127
    at invoke (c:/Users/minkuany/newui/app/bower_components/angular/angular.js:4473)
    at workFn (c:/Users/minkuany/newui/app/bower_components/angular-mocks/angular-mocks.js:2401)
</failure>
      <failure type="">TypeError: &apos;undefined&apos; is not an object (evaluating &apos;ctrl.VMs&apos;)
    at c:/Users/minkuany/newui/app/main/environment/vm/vm.controller.spec.js:446
</failure>
      <failure type="">ReferenceError: Can&apos;t find variable: oneVMPowerOffSuccess
    at c:/Users/minkuany/newui/app/main/environment/vm/vm.controller.spec.js:468
</failure>
      <failure type="">Error: Unsatisfied requests: POST /services/api/virtual-machines/3633301/powerOff
    at c:/Users/minkuany/newui/app/bower_components/angular-mocks/angular-mocks.js:1540
    at c:/Users/minkuany/newui/app/main/environment/vm/vm.controller.spec.js:463
</failure>
    </testcase>
    <testcase name="should power on the vm after power on" time="0.02" classname="PhantomJS 1.9.8 (Windows 7 0.0.0).vms controller test the vm operation function">
      <failure type="">Error: [$injector:unpr] Unknown provider: _envProvider &lt;- _env &lt;- VMCtrl
http://errors.angularjs.org/1.4.4/$injector/unpr?p0=_envProvider%20%3C-%20_env%20%3C-%20VMCtrl
    at c:/Users/minkuany/newui/app/bower_components/angular/angular.js:4284
    at getService (c:/Users/minkuany/newui/app/bower_components/angular/angular.js:4432)
    at c:/Users/minkuany/newui/app/bower_components/angular/angular.js:4289
    at getService (c:/Users/minkuany/newui/app/bower_components/angular/angular.js:4432)
    at invoke (c:/Users/minkuany/newui/app/bower_components/angular/angular.js:4464)
    at instantiate (c:/Users/minkuany/newui/app/bower_components/angular/angular.js:4481)
    at c:/Users/minkuany/newui/app/bower_components/angular/angular.js:9108
    at c:/Users/minkuany/newui/app/bower_components/angular-mocks/angular-mocks.js:1845
    at c:/Users/minkuany/newui/app/main/environment/vm/vm.controller.spec.js:127
    at invoke (c:/Users/minkuany/newui/app/bower_components/angular/angular.js:4473)
    at workFn (c:/Users/minkuany/newui/app/bower_components/angular-mocks/angular-mocks.js:2401)
</failure>
      <failure type="">TypeError: &apos;undefined&apos; is not an object (evaluating &apos;ctrl.VMs&apos;)
    at c:/Users/minkuany/newui/app/main/environment/vm/vm.controller.spec.js:446
</failure>
      <failure type="">ReferenceError: Can&apos;t find variable: oneVMPowerOnSuccess
    at c:/Users/minkuany/newui/app/main/environment/vm/vm.controller.spec.js:482
</failure>
      <failure type="">Error: Unsatisfied requests: POST /services/api/virtual-machines/3633401/powerOn
    at c:/Users/minkuany/newui/app/bower_components/angular-mocks/angular-mocks.js:1540
    at c:/Users/minkuany/newui/app/main/environment/vm/vm.controller.spec.js:463
</failure>
    </testcase>
    <testcase name="should suspend the vm after suspend" time="0.015" classname="PhantomJS 1.9.8 (Windows 7 0.0.0).vms controller test the vm operation function">
      <failure type="">Error: [$injector:unpr] Unknown provider: _envProvider &lt;- _env &lt;- VMCtrl
http://errors.angularjs.org/1.4.4/$injector/unpr?p0=_envProvider%20%3C-%20_env%20%3C-%20VMCtrl
    at c:/Users/minkuany/newui/app/bower_components/angular/angular.js:4284
    at getService (c:/Users/minkuany/newui/app/bower_components/angular/angular.js:4432)
    at c:/Users/minkuany/newui/app/bower_components/angular/angular.js:4289
    at getService (c:/Users/minkuany/newui/app/bower_components/angular/angular.js:4432)
    at invoke (c:/Users/minkuany/newui/app/bower_components/angular/angular.js:4464)
    at instantiate (c:/Users/minkuany/newui/app/bower_components/angular/angular.js:4481)
    at c:/Users/minkuany/newui/app/bower_components/angular/angular.js:9108
    at c:/Users/minkuany/newui/app/bower_components/angular-mocks/angular-mocks.js:1845
    at c:/Users/minkuany/newui/app/main/environment/vm/vm.controller.spec.js:127
    at invoke (c:/Users/minkuany/newui/app/bower_components/angular/angular.js:4473)
    at workFn (c:/Users/minkuany/newui/app/bower_components/angular-mocks/angular-mocks.js:2401)
</failure>
      <failure type="">TypeError: &apos;undefined&apos; is not an object (evaluating &apos;ctrl.VMs&apos;)
    at c:/Users/minkuany/newui/app/main/environment/vm/vm.controller.spec.js:446
</failure>
      <failure type="">ReferenceError: Can&apos;t find variable: oneVMSuspendSuccess
    at c:/Users/minkuany/newui/app/main/environment/vm/vm.controller.spec.js:491
</failure>
      <failure type="">Error: Unsatisfied requests: POST /services/api/virtual-machines/3633401/powerPause
    at c:/Users/minkuany/newui/app/bower_components/angular-mocks/angular-mocks.js:1540
    at c:/Users/minkuany/newui/app/main/environment/vm/vm.controller.spec.js:463
</failure>
    </testcase>
    <testcase name="should power on the vm after restart" time="0.047" classname="PhantomJS 1.9.8 (Windows 7 0.0.0).vms controller test the vm operation function">
      <failure type="">Error: [$injector:unpr] Unknown provider: _envProvider &lt;- _env &lt;- VMCtrl
http://errors.angularjs.org/1.4.4/$injector/unpr?p0=_envProvider%20%3C-%20_env%20%3C-%20VMCtrl
    at c:/Users/minkuany/newui/app/bower_components/angular/angular.js:4284
    at getService (c:/Users/minkuany/newui/app/bower_components/angular/angular.js:4432)
    at c:/Users/minkuany/newui/app/bower_components/angular/angular.js:4289
    at getService (c:/Users/minkuany/newui/app/bower_components/angular/angular.js:4432)
    at invoke (c:/Users/minkuany/newui/app/bower_components/angular/angular.js:4464)
    at instantiate (c:/Users/minkuany/newui/app/bower_components/angular/angular.js:4481)
    at c:/Users/minkuany/newui/app/bower_components/angular/angular.js:9108
    at c:/Users/minkuany/newui/app/bower_components/angular-mocks/angular-mocks.js:1845
    at c:/Users/minkuany/newui/app/main/environment/vm/vm.controller.spec.js:127
    at invoke (c:/Users/minkuany/newui/app/bower_components/angular/angular.js:4473)
    at workFn (c:/Users/minkuany/newui/app/bower_components/angular-mocks/angular-mocks.js:2401)
</failure>
      <failure type="">TypeError: &apos;undefined&apos; is not an object (evaluating &apos;ctrl.VMs&apos;)
    at c:/Users/minkuany/newui/app/main/environment/vm/vm.controller.spec.js:446
</failure>
      <failure type="">ReferenceError: Can&apos;t find variable: oneVMPowerOnSuccess
    at c:/Users/minkuany/newui/app/main/environment/vm/vm.controller.spec.js:500
</failure>
      <failure type="">Error: Unsatisfied requests: POST /services/api/virtual-machines/3633401/powerReset
    at c:/Users/minkuany/newui/app/bower_components/angular-mocks/angular-mocks.js:1540
    at c:/Users/minkuany/newui/app/main/environment/vm/vm.controller.spec.js:463
</failure>
    </testcase>
    <system-out><![CDATA[PhantomJS 1.9.8 (Windows 7 0.0.0) WARN: 'no such alert with index: ', 2
,PhantomJS 1.9.8 (Windows 7 0.0.0) ERROR: 'exceeds alert max size.'
,PhantomJS 1.9.8 (Windows 7 0.0.0) WARN: 'no such alert type as: ', 'random'
,PhantomJS 1.9.8 (Windows 7 0.0.0) LOG: Promise{$$state: Object{status: 0}, call: function wrapper() { ... }, get: function wrapper() { ... }, restangularCollection: false, $object: Object{}}

]]></system-out>
    <system-err/>
  </testsuite>
</testsuites>
