<?xml version="1.0"?>
<testsuites>
  <testsuite name="PhantomJS 1.9.8 (Windows 8 0.0.0)" package="" timestamp="2015-08-21T04:36:59" id="0" hostname="linapan-MOBL2">
    <properties>
      <property name="browser.fullName" value="Mozilla/5.0 (Windows NT 6.2; WOW64) AppleWebKit/534.34 (KHTML, like Gecko) PhantomJS/1.9.8 Safari/534.34"/>
    </properties>
  </testsuite>
  <testsuite name="PhantomJS 1.9.8 (Windows 8 0.0.0)" package="" timestamp="2015-08-21T04:36:59" id="0" hostname="linapan-MOBL2" tests="6" errors="0" failures="0" time="0.041">
    <properties>
      <property name="browser.fullName" value="Mozilla/5.0 (Windows NT 6.2; WOW64) AppleWebKit/534.34 (KHTML, like Gecko) PhantomJS/1.9.8 Safari/534.34"/>
    </properties>
    <testcase name="A description of what should the method do" time="0.041" classname="PhantomJS 1.9.8 (Windows 8 0.0.0).getNewRes test"/>
    <system-out><![CDATA[PhantomJS 1.9.8 (Windows 8 0.0.0) LOG: Object{$$state: Object{status: 0}, call: function wrapper() { ... }, get: function wrapper() { ... }, restangularCollection: false, $object: Object{}}

]]></system-out>
    <system-err/>
  </testsuite>
</testsuites>
