<?xml version="1.0"?>
<testsuites>
  <testsuite name="PhantomJS 1.9.8 (Windows 7 0.0.0)" package="" timestamp="2015-08-25T14:03:00" id="0" hostname="MINKUANY-MOBL">
    <properties>
      <property name="browser.fullName" value="Mozilla/5.0 (Windows NT 6.1; WOW64) AppleWebKit/534.34 (KHTML, like Gecko) PhantomJS/1.9.8 Safari/534.34"/>
    </properties>
  </testsuite>
  <testsuite name="PhantomJS 1.9.8 (Windows 7 0.0.0)" package="" timestamp="2015-08-25T14:03:00" id="0" hostname="MINKUANY-MOBL">
    <properties>
      <property name="browser.fullName" value="Mozilla/5.0 (Windows NT 6.1; WOW64) AppleWebKit/534.34 (KHTML, like Gecko) PhantomJS/1.9.8 Safari/534.34"/>
    </properties>
  </testsuite>
  <testsuite name="PhantomJS 1.9.8 (Windows 7 0.0.0)" package="" timestamp="2015-08-25T14:03:00" id="0" hostname="MINKUANY-MOBL" tests="42" errors="0" failures="0" time="0.254">
    <properties>
      <property name="browser.fullName" value="Mozilla/5.0 (Windows NT 6.1; WOW64) AppleWebKit/534.34 (KHTML, like Gecko) PhantomJS/1.9.8 Safari/534.34"/>
    </properties>
    <testcase name="should have a VMCtrl controller" time="0.053" classname="PhantomJS 1.9.8 (Windows 7 0.0.0).vms controller"/>
    <testcase name="should select all checkbox by toggleCheckAll function" time="0.01" classname="PhantomJS 1.9.8 (Windows 7 0.0.0).vms controller"/>
    <testcase name="should ctrl.VMs be array" time="0.011" classname="PhantomJS 1.9.8 (Windows 7 0.0.0).vms controller with the given vmid number"/>
    <testcase name="should have 2 virtual machines" time="0.01" classname="PhantomJS 1.9.8 (Windows 7 0.0.0).vms controller with the given vmid number"/>
    <testcase name="should load vmTemp" time="0.012" classname="PhantomJS 1.9.8 (Windows 7 0.0.0).vms controller with the given vmid number"/>
    <testcase name="should loaded vmSaveTemp for first click to expand" time="0.017" classname="PhantomJS 1.9.8 (Windows 7 0.0.0).vms controller with the given vmid number after loadVMs and showVmEdit"/>
    <testcase name="should close the expanded table if click 2 times" time="0.009" classname="PhantomJS 1.9.8 (Windows 7 0.0.0).vms controller with the given vmid number after loadVMs and showVmEdit"/>
    <testcase name="should close the expanded table and revert the data to the original" time="0.01" classname="PhantomJS 1.9.8 (Windows 7 0.0.0).vms controller with the given vmid number after loadVMs and showVmEdit"/>
    <testcase name="should change the configTmp network" time="0.022" classname="PhantomJS 1.9.8 (Windows 7 0.0.0).vms controller with the given vmid number after loadVMs and showVmEdit"/>
    <testcase name="should change the memory if click" time="0.01" classname="PhantomJS 1.9.8 (Windows 7 0.0.0).vms controller with the given vmid number after loadVMs and showVmEdit"/>
    <testcase name="should change the cpu if click" time="0.017" classname="PhantomJS 1.9.8 (Windows 7 0.0.0).vms controller with the given vmid number after loadVMs and showVmEdit"/>
    <testcase name="should revert any change on configTmp to the origin" time="0.011" classname="PhantomJS 1.9.8 (Windows 7 0.0.0).vms controller with the given vmid number after loadVMs and showVmEdit"/>
    <testcase name="should revert any change on saveTemp to the origin" time="0.015" classname="PhantomJS 1.9.8 (Windows 7 0.0.0).vms controller with the given vmid number after loadVMs and showVmEdit"/>
    <testcase name="should increase the number of Template up to 4" time="0.015" classname="PhantomJS 1.9.8 (Windows 7 0.0.0).vms controller with the given vmid number after loadVMs and showVmEdit"/>
    <testcase name="should decrease the number of Template least to 1" time="0.012" classname="PhantomJS 1.9.8 (Windows 7 0.0.0).vms controller with the given vmid number after loadVMs and showVmEdit"/>
    <testcase name="should update VM&apos; info" time="0.011" classname="PhantomJS 1.9.8 (Windows 7 0.0.0).vms controller with the given vmid number after loadVMs and showVmEdit"/>
    <testcase name="should save VM template" time="0.009" classname="PhantomJS 1.9.8 (Windows 7 0.0.0).vms controller with the given vmid number after loadVMs and showVmEdit"/>
    <system-out><![CDATA[PhantomJS 1.9.8 (Windows 7 0.0.0) LOG: 0
,PhantomJS 1.9.8 (Windows 7 0.0.0) LOG: 0

]]></system-out>
    <system-err/>
  </testsuite>
  <testsuite name="PhantomJS 1.9.8 (Windows 7 0.0.0)" package="" timestamp="2015-08-25T14:03:00" id="0" hostname="MINKUANY-MOBL" tests="42" errors="0" failures="0" time="0.279">
    <properties>
      <property name="browser.fullName" value="Mozilla/5.0 (Windows NT 6.1; WOW64) AppleWebKit/534.34 (KHTML, like Gecko) PhantomJS/1.9.8 Safari/534.34"/>
    </properties>
    <testcase name="should have a VMCtrl controller" time="0.074" classname="PhantomJS 1.9.8 (Windows 7 0.0.0).vms controller"/>
    <testcase name="should select all checkbox by toggleCheckAll function" time="0.014" classname="PhantomJS 1.9.8 (Windows 7 0.0.0).vms controller"/>
    <testcase name="should ctrl.VMs be array" time="0.008" classname="PhantomJS 1.9.8 (Windows 7 0.0.0).vms controller with the given vmid number"/>
    <testcase name="should have 2 virtual machines" time="0.007" classname="PhantomJS 1.9.8 (Windows 7 0.0.0).vms controller with the given vmid number"/>
    <testcase name="should load vmTemp" time="0.016" classname="PhantomJS 1.9.8 (Windows 7 0.0.0).vms controller with the given vmid number"/>
    <testcase name="should loaded vmSaveTemp for first click to expand" time="0.013" classname="PhantomJS 1.9.8 (Windows 7 0.0.0).vms controller with the given vmid number after loadVMs and showVmEdit"/>
    <testcase name="should close the expanded table if click 2 times" time="0.007" classname="PhantomJS 1.9.8 (Windows 7 0.0.0).vms controller with the given vmid number after loadVMs and showVmEdit"/>
    <testcase name="should close the expanded table and revert the data to the original" time="0.012" classname="PhantomJS 1.9.8 (Windows 7 0.0.0).vms controller with the given vmid number after loadVMs and showVmEdit"/>
    <testcase name="should change the configTmp network" time="0.022" classname="PhantomJS 1.9.8 (Windows 7 0.0.0).vms controller with the given vmid number after loadVMs and showVmEdit"/>
    <testcase name="should change the memory if click" time="0.014" classname="PhantomJS 1.9.8 (Windows 7 0.0.0).vms controller with the given vmid number after loadVMs and showVmEdit"/>
    <testcase name="should change the cpu if click" time="0.015" classname="PhantomJS 1.9.8 (Windows 7 0.0.0).vms controller with the given vmid number after loadVMs and showVmEdit"/>
    <testcase name="should revert any change on configTmp to the origin" time="0.012" classname="PhantomJS 1.9.8 (Windows 7 0.0.0).vms controller with the given vmid number after loadVMs and showVmEdit"/>
    <testcase name="should revert any change on saveTemp to the origin" time="0.016" classname="PhantomJS 1.9.8 (Windows 7 0.0.0).vms controller with the given vmid number after loadVMs and showVmEdit"/>
    <testcase name="should increase the number of Template up to 4" time="0.016" classname="PhantomJS 1.9.8 (Windows 7 0.0.0).vms controller with the given vmid number after loadVMs and showVmEdit"/>
    <testcase name="should decrease the number of Template least to 1" time="0.008" classname="PhantomJS 1.9.8 (Windows 7 0.0.0).vms controller with the given vmid number after loadVMs and showVmEdit"/>
    <testcase name="should update VM&apos; info" time="0.011" classname="PhantomJS 1.9.8 (Windows 7 0.0.0).vms controller with the given vmid number after loadVMs and showVmEdit"/>
    <testcase name="should save VM template" time="0.014" classname="PhantomJS 1.9.8 (Windows 7 0.0.0).vms controller with the given vmid number after loadVMs and showVmEdit"/>
    <system-out><![CDATA[PhantomJS 1.9.8 (Windows 7 0.0.0) LOG: 0
,PhantomJS 1.9.8 (Windows 7 0.0.0) LOG: 0

]]></system-out>
    <system-err/>
  </testsuite>
</testsuites>
